{
  "RSpec": {
    "coverage": {
      "/Users/aworldx/Projects/TaskManager/config/environment.rb": [
        null,
        null,
        null,
        1,
        null,
        null,
        1
      ],
      "/Users/aworldx/Projects/TaskManager/config/application.rb": [
        null,
        null,
        1,
        null,
        1,
        null,
        1,
        1,
        1,
        1,
        1,
        1,
        1,
        1,
        1,
        null,
        null,
        null,
        null,
        1,
        null,
        1,
        1,
        null,
        1,
        null,
        null,
        null,
        null,
        null,
        null,
        null,
        1,
        null,
        null
      ],
      "/Users/aworldx/Projects/TaskManager/config/boot.rb": [
        null,
        null,
        1,
        null,
        1,
        1
      ],
      "/Users/aworldx/Projects/TaskManager/config/environments/test.rb": [
        null,
        null,
        1,
        null,
        null,
        null,
        null,
        null,
        null,
        1,
        null,
        null,
        null,
        null,
        1,
        null,
        null,
        1,
        1,
        null,
        null,
        null,
        null,
        1,
        1,
        null,
        null,
        1,
        null,
        null,
        1,
        null,
        null,
        1,
        null,
        1,
        null,
        null,
        null,
        null,
        1,
        null,
        null,
        1,
        null,
        null,
        null,
        null
      ],
      "/Users/aworldx/Projects/TaskManager/config/initializers/application_controller_renderer.rb": [
        null,
        null,
        null,
        null,
        null,
        null,
        null,
        null,
        null,
        null
      ],
      "/Users/aworldx/Projects/TaskManager/config/initializers/assets.rb": [
        null,
        null,
        null,
        null,
        null,
        1,
        null,
        null,
        null,
        null,
        1,
        null,
        null,
        null,
        null,
        null
      ],
      "/Users/aworldx/Projects/TaskManager/config/initializers/backtrace_silencers.rb": [
        null,
        null,
        null,
        null,
        null,
        null,
        null,
        null,
        null
      ],
      "/Users/aworldx/Projects/TaskManager/config/initializers/content_security_policy.rb": [
        null,
        null,
        null,
        null,
        null,
        null,
        null,
        null,
        null,
        null,
        null,
        null,
        null,
        null,
        null,
        null,
        null,
        null,
        null,
        null,
        null,
        null,
        null,
        null,
        null,
        null,
        null
      ],
      "/Users/aworldx/Projects/TaskManager/config/initializers/cookies_serializer.rb": [
        null,
        null,
        null,
        null,
        null,
        null,
        1
      ],
      "/Users/aworldx/Projects/TaskManager/config/initializers/filter_parameter_logging.rb": [
        null,
        null,
        null,
        null,
        null,
        1
      ],
      "/Users/aworldx/Projects/TaskManager/config/initializers/inflections.rb": [
        null,
        null,
        null,
        null,
        null,
        null,
        null,
        null,
        null,
        null,
        null,
        null,
        null,
        null,
        null,
        null,
        null,
        null
      ],
      "/Users/aworldx/Projects/TaskManager/config/initializers/mime_types.rb": [
        null,
        null,
        null,
        null,
        null,
        null
      ],
      "/Users/aworldx/Projects/TaskManager/config/initializers/wrap_parameters.rb": [
        null,
        null,
        null,
        null,
        null,
        null,
        null,
        null,
        1,
        2,
        null,
        null,
        null,
        null,
        null,
        null
      ],
      "/Users/aworldx/Projects/TaskManager/spec/factories/task.rb": [
        null,
        null,
        1,
        1,
        4,
        4,
        null,
        null
      ],
      "/Users/aworldx/Projects/TaskManager/spec/factories/user.rb": [
        null,
        null,
        1,
        1,
        5,
        5,
        5,
        5,
        null,
        null
      ],
      "/Users/aworldx/Projects/TaskManager/config/routes.rb": [
        null,
        null,
        1,
        null,
        null
      ],
      "/Users/aworldx/Projects/TaskManager/app/helpers/application_helper.rb": [
        null,
        null,
        1,
        null
      ],
      "/Users/aworldx/Projects/TaskManager/spec/support/factory_bot.rb": [
        null,
        null,
        1,
        1,
        null
      ],
      "/Users/aworldx/Projects/TaskManager/spec/support/shoulda_matchers.rb": [
        null,
        null,
        1,
        1,
        1,
        1,
        null,
        null
      ],
      "/Users/aworldx/Projects/TaskManager/spec/support/database_cleaner.rb": [
        null,
        null,
        1,
        1,
        1,
        null,
        null,
        1,
        18,
        null,
        null,
        1,
        0,
        null,
        null,
        1,
        18,
        null,
        null,
        1,
        18,
        null,
        null
      ],
      "/Users/aworldx/Projects/TaskManager/app/models/task.rb": [
        null,
        null,
        1,
        1,
        null,
        1,
        null,
        1,
        1,
        null,
        1,
        1,
        1,
        null,
        1,
        1,
        null,
        null,
        1,
        1,
        null,
        null,
        null
      ],
      "/Users/aworldx/Projects/TaskManager/app/models/application_record.rb": [
        null,
        null,
        1,
        1,
        null
      ],
      "/Users/aworldx/Projects/TaskManager/spec/models/user_spec.rb": [
        null,
        null,
        1,
        null,
        1,
        1,
        5,
        null,
        2,
        2,
        2,
        2,
        2,
        2,
        2,
        null,
        1,
        1,
        null,
        null,
        null,
        1,
        5,
        5,
        null,
        null,
        null,
        1,
        1,
        null,
        null,
        1,
        6,
        6,
        null,
        null,
        null,
        1,
        1,
        1,
        1,
        1,
        null,
        null,
        1,
        1,
        1,
        null,
        1,
        null,
        null,
        null
      ],
      "/Users/aworldx/Projects/TaskManager/app/models/user.rb": [
        null,
        null,
        1,
        1,
        null,
        1,
        null,
        1,
        1,
        null,
        null,
        1,
        1,
        null,
        5,
        null,
        1,
        null
      ]
    },
    "timestamp": 1540895650
  }
}
