{
  "RSpec": {
    "coverage": {
      "/Users/aworldx/Projects/TaskManager/config/environment.rb": [
        null,
        null,
        null,
        1,
        null,
        null,
        1
      ],
      "/Users/aworldx/Projects/TaskManager/config/application.rb": [
        null,
        null,
        1,
        null,
        1,
        null,
        1,
        1,
        1,
        1,
        1,
        1,
        1,
        1,
        1,
        null,
        null,
        null,
        null,
        1,
        null,
        1,
        1,
        null,
        1,
        1,
        null,
        null,
        null,
        null,
        null,
        null,
        null,
        1,
        null,
        1,
        1,
        null,
        null
      ],
      "/Users/aworldx/Projects/TaskManager/config/boot.rb": [
        null,
        null,
        1,
        null,
        1,
        1
      ],
      "/Users/aworldx/Projects/TaskManager/config/environments/test.rb": [
        null,
        null,
        1,
        null,
        null,
        null,
        null,
        null,
        null,
        1,
        null,
        null,
        null,
        null,
        1,
        null,
        null,
        1,
        1,
        null,
        null,
        null,
        null,
        1,
        1,
        null,
        null,
        1,
        null,
        null,
        1,
        null,
        null,
        1,
        null,
        1,
        null,
        null,
        null,
        null,
        1,
        null,
        null,
        1,
        null,
        null,
        null,
        null
      ],
      "/Users/aworldx/Projects/TaskManager/config/initializers/application_controller_renderer.rb": [
        null,
        null,
        null,
        null,
        null,
        null,
        null,
        null,
        null,
        null
      ],
      "/Users/aworldx/Projects/TaskManager/config/initializers/assets.rb": [
        null,
        null,
        null,
        null,
        null,
        1,
        null,
        null,
        null,
        null,
        1,
        null,
        null,
        null,
        null,
        null
      ],
      "/Users/aworldx/Projects/TaskManager/config/initializers/backtrace_silencers.rb": [
        null,
        null,
        null,
        null,
        null,
        null,
        null,
        null,
        null
      ],
      "/Users/aworldx/Projects/TaskManager/config/initializers/content_security_policy.rb": [
        null,
        null,
        null,
        null,
        null,
        null,
        null,
        null,
        null,
        null,
        null,
        null,
        null,
        null,
        null,
        null,
        null,
        null,
        null,
        null,
        null,
        null,
        null,
        null,
        null,
        null,
        null
      ],
      "/Users/aworldx/Projects/TaskManager/config/initializers/cookies_serializer.rb": [
        null,
        null,
        null,
        null,
        null,
        null,
        1
      ],
      "/Users/aworldx/Projects/TaskManager/config/initializers/filter_parameter_logging.rb": [
        null,
        null,
        null,
        null,
        null,
        1
      ],
      "/Users/aworldx/Projects/TaskManager/config/initializers/inflections.rb": [
        null,
        null,
        null,
        null,
        null,
        null,
        null,
        null,
        null,
        null,
        null,
        null,
        null,
        null,
        null,
        null,
        null,
        null
      ],
      "/Users/aworldx/Projects/TaskManager/config/initializers/mime_types.rb": [
        null,
        null,
        null,
        null,
        null,
        null
      ],
      "/Users/aworldx/Projects/TaskManager/config/initializers/simple_form.rb": [
        null,
        null,
        null,
        null,
        null,
        null,
        null,
        null,
        null,
        1,
        null,
        null,
        null,
        null,
        null,
        1,
        null,
        null,
        null,
        null,
        null,
        null,
        null,
        null,
        null,
        1,
        null,
        null,
        null,
        1,
        null,
        null,
        null,
        null,
        null,
        null,
        null,
        null,
        null,
        1,
        null,
        null,
        1,
        null,
        null,
        1,
        null,
        null,
        1,
        null,
        null,
        1,
        null,
        null,
        null,
        1,
        1,
        1,
        null,
        null,
        null,
        null,
        null,
        null,
        null,
        null,
        null,
        1,
        null,
        null,
        null,
        null,
        null,
        1,
        null,
        null,
        1,
        null,
        null,
        null,
        null,
        null,
        null,
        null,
        1,
        null,
        null,
        1,
        null,
        null,
        null,
        null,
        null,
        null,
        null,
        null,
        null,
        null,
        null,
        null,
        null,
        null,
        null,
        null,
        null,
        null,
        null,
        null,
        null,
        null,
        null,
        null,
        null,
        null,
        null,
        null,
        null,
        null,
        null,
        null,
        null,
        null,
        null,
        null,
        null,
        null,
        null,
        null,
        null,
        null,
        null,
        null,
        1,
        null,
        null,
        null,
        null,
        null,
        null,
        null,
        null,
        null,
        null,
        null,
        null,
        null,
        null,
        null,
        null,
        null,
        null,
        null,
        null,
        null,
        null,
        null,
        null,
        null,
        null,
        null,
        null,
        null,
        null,
        null,
        null,
        null,
        null,
        null,
        null,
        1,
        null,
        null,
        null,
        null,
        null,
        null,
        null,
        null,
        null,
        null,
        null,
        null
      ],
      "/Users/aworldx/Projects/TaskManager/config/initializers/simple_form_bootstrap.rb": [
        null,
        null,
        null,
        null,
        null,
        null,
        null,
        null,
        null,
        null,
        null,
        null,
        null,
        null,
        null,
        1,
        null,
        1,
        null,
        null,
        1,
        null,
        null,
        31,
        null,
        null,
        1,
        null,
        null,
        1,
        null,
        null,
        null,
        1,
        null,
        null,
        1,
        null,
        null,
        null,
        null,
        1,
        null,
        null,
        1,
        1,
        null,
        null,
        null,
        null,
        null,
        1,
        1,
        1,
        1,
        1,
        1,
        1,
        1,
        1,
        1,
        1,
        1,
        null,
        null,
        null,
        1,
        1,
        1,
        1,
        1,
        1,
        1,
        1,
        null,
        null,
        null,
        null,
        1,
        1,
        1,
        1,
        1,
        null,
        1,
        1,
        1,
        null,
        null,
        null,
        1,
        1,
        1,
        1,
        1,
        null,
        1,
        1,
        1,
        null,
        null,
        null,
        1,
        1,
        1,
        1,
        1,
        1,
        1,
        1,
        1,
        1,
        null,
        null,
        null,
        1,
        1,
        1,
        1,
        1,
        1,
        null,
        1,
        1,
        null,
        null,
        null,
        1,
        1,
        1,
        1,
        1,
        1,
        1,
        1,
        1,
        null,
        null,
        null,
        null,
        null,
        null,
        1,
        1,
        1,
        1,
        1,
        1,
        1,
        1,
        1,
        1,
        1,
        1,
        1,
        null,
        null,
        null,
        null,
        1,
        1,
        1,
        1,
        1,
        null,
        1,
        1,
        1,
        1,
        1,
        1,
        null,
        null,
        null,
        null,
        null,
        1,
        1,
        1,
        1,
        1,
        1,
        1,
        1,
        null,
        null,
        null,
        null,
        1,
        1,
        1,
        1,
        1,
        1,
        1,
        1,
        null,
        null,
        null,
        null,
        1,
        1,
        1,
        1,
        1,
        1,
        1,
        1,
        1,
        1,
        1,
        null,
        null,
        null,
        null,
        1,
        1,
        1,
        1,
        1,
        1,
        1,
        null,
        1,
        1,
        null,
        null,
        null,
        null,
        1,
        1,
        1,
        1,
        1,
        1,
        1,
        1,
        1,
        1,
        null,
        null,
        null,
        null,
        null,
        null,
        null,
        1,
        1,
        1,
        1,
        1,
        1,
        1,
        1,
        1,
        null,
        1,
        1,
        1,
        null,
        null,
        null,
        1,
        1,
        1,
        1,
        1,
        1,
        1,
        null,
        null,
        null,
        null,
        null,
        null,
        1,
        1,
        1,
        1,
        1,
        1,
        1,
        1,
        null,
        null,
        null,
        1,
        1,
        1,
        1,
        1,
        1,
        1,
        1,
        null,
        null,
        null,
        null,
        1,
        1,
        1,
        1,
        1,
        null,
        1,
        1,
        1,
        null,
        null,
        null,
        1,
        1,
        1,
        1,
        1,
        null,
        1,
        1,
        1,
        null,
        null,
        null,
        1,
        1,
        1,
        1,
        1,
        1,
        1,
        1,
        1,
        1,
        1,
        null,
        1,
        null,
        null,
        null,
        1,
        1,
        1,
        1,
        1,
        1,
        null,
        1,
        1,
        null,
        null,
        null,
        1,
        1,
        1,
        1,
        1,
        1,
        1,
        1,
        1,
        null,
        null,
        null,
        null,
        null,
        null,
        null,
        null,
        null,
        null,
        null,
        null,
        null,
        null,
        null,
        null,
        null,
        null,
        null,
        null,
        null,
        null,
        null,
        null,
        null,
        null,
        null,
        1,
        1,
        1,
        1,
        1,
        1,
        1,
        1,
        1,
        1,
        1,
        1,
        null,
        null,
        null,
        1,
        1,
        1,
        1,
        1,
        1,
        1,
        null,
        null,
        null,
        null,
        1,
        null,
        null,
        null,
        1,
        null,
        null,
        null,
        null,
        null,
        null,
        null,
        null,
        null,
        null,
        null,
        null,
        null,
        null,
        null,
        null,
        null,
        null,
        null,
        null,
        null,
        null
      ],
      "/Users/aworldx/Projects/TaskManager/config/initializers/wrap_parameters.rb": [
        null,
        null,
        null,
        null,
        null,
        null,
        null,
        null,
        1,
        2,
        null,
        null,
        null,
        null,
        null,
        null
      ],
      "/Users/aworldx/Projects/TaskManager/spec/factories/task.rb": [
        null,
        null,
        1,
        1,
        57,
        61,
        null,
        null
      ],
      "/Users/aworldx/Projects/TaskManager/spec/factories/user.rb": [
        null,
        null,
        1,
        1,
        47,
        69,
        69,
        47,
        null,
        1,
        13,
        13,
        null,
        null,
        1,
        11,
        11,
        null,
        null,
        null
      ],
      "/Users/aworldx/Projects/TaskManager/config/routes.rb": [
        null,
        null,
        1,
        1,
        1,
        null,
        1,
        1,
        null,
        null,
        1,
        1,
        1,
        2,
        2,
        null,
        null,
        null,
        null,
        1,
        1,
        1,
        null,
        null
      ],
      "/Users/aworldx/Projects/TaskManager/app/models/task.rb": [
        null,
        null,
        1,
        142,
        null,
        1,
        null,
        1,
        null,
        1,
        1,
        null,
        1,
        1,
        1,
        null,
        1,
        1,
        null,
        null,
        1,
        1,
        null,
        null,
        null,
        1,
        1,
        null
      ],
      "/Users/aworldx/Projects/TaskManager/app/models/application_record.rb": [
        null,
        null,
        1,
        1,
        null
      ],
      "/Users/aworldx/Projects/TaskManager/app/uploaders/image_uploader.rb": [
        null,
        null,
        1,
        1,
        null,
        1,
        null,
        1,
        6,
        null,
        null,
        1,
        1,
        null,
        null,
        1,
        1,
        null,
        null,
        1,
        6,
        null,
        null
      ],
      "/Users/aworldx/Projects/TaskManager/app/helpers/application_helper.rb": [
        null,
        null,
        1,
        1,
        15,
        null,
        null
      ],
      "/Users/aworldx/Projects/TaskManager/app/helpers/sessions_helper.rb": [
        null,
        null,
        1,
        1,
        12,
        12,
        12,
        null,
        null,
        1,
        0,
        0,
        null,
        null,
        1,
        200,
        null,
        188,
        null,
        null,
        1,
        94,
        null,
        null,
        1,
        44,
        null,
        null
      ],
      "/Users/aworldx/Projects/TaskManager/spec/support/factory_bot.rb": [
        null,
        null,
        1,
        1,
        null
      ],
      "/Users/aworldx/Projects/TaskManager/spec/support/shoulda_matchers.rb": [
        null,
        null,
        1,
        1,
        1,
        1,
        null,
        null
      ],
      "/Users/aworldx/Projects/TaskManager/spec/support/database_cleaner.rb": [
        null,
        null,
        1,
        1,
        1,
        null,
        null,
        1,
        65,
        null,
        null,
        1,
        1,
        null,
        null,
        1,
        65,
        null,
        null,
        1,
        65,
        null,
        null
      ],
      "/Users/aworldx/Projects/TaskManager/spec/support/helpers/authorization.rb": [
        null,
        null,
        1,
        1,
        1,
        3,
        null,
        null,
        1,
        10,
        null,
        10,
        10,
        null,
        10,
        null,
        null,
        null
      ],
      "/Users/aworldx/Projects/TaskManager/app/controllers/web/sessions_controller.rb": [
        null,
        null,
        1,
        1,
        null,
        1,
        null,
        1,
        13,
        null,
        13,
        12,
        12,
        null,
        null,
        1,
        1,
        null,
        null,
        1,
        0,
        0,
        null,
        null
      ],
      "/Users/aworldx/Projects/TaskManager/app/controllers/web/application_controller.rb": [
        null,
        null,
        1,
        1,
        1,
        1,
        null,
        1,
        null,
        1,
        62,
        null,
        2,
        2,
        null,
        null,
        1,
        8,
        null,
        1,
        1,
        null,
        null
      ],
      "/Users/aworldx/Projects/TaskManager/app/controllers/application_controller.rb": [
        null,
        null,
        1,
        null
      ],
      "/Users/aworldx/Projects/TaskManager/spec/controllers/web/tasks/admin/index_spec.rb": [
        null,
        null,
        1,
        null,
        1,
        2,
        3,
        null,
        1,
        1,
        1,
        1,
        1,
        null,
        1,
        1,
        null,
        null,
        null,
        1,
        3,
        3,
        null,
        1,
        1,
        null,
        null,
        1,
        1,
        null,
        null,
        null,
        null
      ],
      "/Users/aworldx/Projects/TaskManager/app/controllers/web/admin/tasks_controller.rb": [
        null,
        null,
        1,
        1,
        null,
        1,
        7,
        null,
        null
      ],
      "/Users/aworldx/Projects/TaskManager/app/controllers/web/tasks_controller.rb": [
        null,
        null,
        1,
        1,
        1,
        null,
        1,
        13,
        null,
        null,
        1,
        null,
        1,
        null,
        1,
        3,
        null,
        null,
        1,
        5,
        null,
        5,
        3,
        3,
        null,
        2,
        null,
        null,
        null,
        1,
        7,
        5,
        5,
        null,
        2,
        null,
        null,
        null,
        1,
        6,
        6,
        6,
        null,
        null,
        1,
        null,
        1,
        12,
        null,
        null,
        null,
        1,
        60,
        null,
        null,
        1,
        15,
        null,
        3,
        3,
        null,
        null
      ],
      "/Users/aworldx/Projects/TaskManager/spec/controllers/web/tasks/create_spec.rb": [
        null,
        null,
        1,
        null,
        1,
        5,
        2,
        null,
        5,
        null,
        1,
        1,
        1,
        1,
        1,
        null,
        null,
        null,
        1,
        1,
        1,
        null,
        null,
        null,
        1,
        1,
        2,
        null,
        null,
        null,
        null,
        1,
        1,
        1,
        null,
        null,
        1,
        1,
        null,
        null,
        null,
        null
      ],
      "/Users/aworldx/Projects/TaskManager/spec/controllers/web/tasks/destroy_spec.rb": [
        null,
        null,
        1,
        null,
        1,
        7,
        7,
        3,
        null,
        7,
        7,
        null,
        7,
        null,
        1,
        1,
        1,
        2,
        null,
        null,
        null,
        1,
        1,
        1,
        null,
        null,
        null,
        1,
        1,
        1,
        2,
        null,
        null,
        null,
        1,
        1,
        null,
        1,
        1,
        null,
        null,
        null,
        1,
        3,
        null,
        1,
        2,
        null,
        null,
        null,
        1,
        1,
        1,
        null,
        null,
        null,
        null,
        null
      ],
      "/Users/aworldx/Projects/TaskManager/spec/controllers/web/tasks/edit_spec.rb": [
        null,
        null,
        1,
        null,
        1,
        6,
        4,
        3,
        null,
        3,
        4,
        null,
        6,
        null,
        1,
        1,
        3,
        null,
        1,
        1,
        null,
        null,
        1,
        1,
        null,
        null,
        null,
        1,
        1,
        1,
        1,
        null,
        1,
        1,
        null,
        null,
        null,
        1,
        1,
        2,
        2,
        null,
        null,
        1,
        1,
        null,
        null,
        1,
        1,
        null,
        null,
        null,
        null,
        null
      ],
      "/Users/aworldx/Projects/TaskManager/spec/controllers/web/tasks/index_spec.rb": [
        null,
        null,
        1,
        null,
        1,
        4,
        2,
        2,
        null,
        2,
        null,
        4,
        null,
        1,
        4,
        null,
        1,
        1,
        null,
        null,
        1,
        1,
        null,
        null,
        1,
        1,
        null,
        null,
        null
      ],
      "/Users/aworldx/Projects/TaskManager/spec/controllers/web/tasks/new_spec.rb": [
        null,
        null,
        1,
        null,
        1,
        3,
        3,
        null,
        1,
        3,
        null,
        1,
        1,
        null,
        null,
        1,
        1,
        null,
        null,
        null
      ],
      "/Users/aworldx/Projects/TaskManager/spec/controllers/web/tasks/show_spec.rb": [
        null,
        null,
        1,
        null,
        1,
        3,
        3,
        null,
        3,
        null,
        1,
        3,
        null,
        1,
        1,
        null,
        null,
        1,
        1,
        null,
        null,
        null
      ],
      "/Users/aworldx/Projects/TaskManager/spec/controllers/web/tasks/update_spec.rb": [
        null,
        null,
        1,
        null,
        1,
        6,
        6,
        null,
        6,
        null,
        1,
        1,
        1,
        1,
        1,
        null,
        null,
        1,
        1,
        null,
        null,
        null,
        null,
        null,
        null,
        1,
        1,
        1,
        null,
        null,
        1,
        1,
        1,
        null,
        null,
        null,
        1,
        1,
        2,
        null,
        null,
        null,
        null,
        1,
        1,
        1,
        null,
        null,
        1,
        1,
        null,
        null,
        null,
        null
      ],
      "/Users/aworldx/Projects/TaskManager/spec/controllers/web/welcome_controller_spec.rb": [
        null,
        null,
        1,
        null,
        1,
        1,
        2,
        null,
        1,
        1,
        null,
        1,
        1,
        null,
        null,
        1,
        1,
        1,
        null,
        null,
        null
      ],
      "/Users/aworldx/Projects/TaskManager/app/controllers/web/welcome_controller.rb": [
        null,
        null,
        null,
        1,
        1,
        2,
        null,
        null
      ],
      "/Users/aworldx/Projects/TaskManager/spec/feature/login_spec.rb": [
        null,
        null,
        1,
        null,
        1,
        2,
        1,
        1,
        null,
        1,
        null,
        null
      ],
      "/Users/aworldx/Projects/TaskManager/spec/feature/tasks/crud_spec.rb": [
        null,
        null,
        1,
        null,
        1,
        6,
        6,
        null,
        1,
        4,
        null,
        1,
        1,
        1,
        null,
        1,
        1,
        null,
        1,
        1,
        null,
        1,
        1,
        null,
        1,
        null,
        1,
        1,
        null,
        null,
        1,
        1,
        1,
        null,
        1,
        1,
        null,
        1,
        null,
        1,
        null,
        1,
        1,
        null,
        null,
        1,
        1,
        null,
        1,
        null,
        1,
        1,
        null,
        null,
        null,
        1,
        3,
        3,
        null,
        1,
        1,
        null,
        1,
        null,
        1,
        1,
        null,
        1,
        null,
        1,
        null,
        1,
        1,
        null,
        null,
        1,
        1,
        null,
        1,
        1,
        null,
        null,
        null
      ],
      "/Users/aworldx/Projects/TaskManager/spec/feature/tasks/state_spec.rb": [
        null,
        null,
        1,
        null,
        1,
        2,
        1,
        2,
        null,
        1,
        1,
        1,
        null,
        1,
        1,
        null,
        1,
        1,
        null,
        1,
        null,
        null
      ],
      "/Users/aworldx/Projects/TaskManager/spec/feature/tasks/task_list_spec.rb": [
        null,
        null,
        1,
        null,
        1,
        3,
        2,
        3,
        3,
        3,
        null,
        1,
        null,
        1,
        null,
        1,
        null,
        1,
        3,
        null,
        3,
        3,
        3,
        3,
        3,
        null,
        3,
        null,
        null,
        1,
        3,
        null,
        null,
        null,
        1,
        null,
        1,
        null,
        1,
        6,
        null,
        6,
        6,
        6,
        6,
        6,
        6,
        null,
        null,
        null
      ],
      "/Users/aworldx/Projects/TaskManager/spec/feature/welcome_spec.rb": [
        null,
        null,
        1,
        null,
        1,
        2,
        2,
        null,
        1,
        null,
        1,
        1,
        null,
        1,
        3,
        null,
        3,
        3,
        3,
        3,
        null,
        3,
        null,
        null,
        null
      ],
      "/Users/aworldx/Projects/TaskManager/spec/models/task_spec.rb": [
        null,
        null,
        1,
        1,
        null,
        1,
        1,
        1,
        null,
        2,
        2,
        2,
        2,
        null,
        null,
        1,
        4,
        null,
        1,
        1,
        null,
        null,
        1,
        1,
        null,
        null,
        1,
        1,
        null,
        null,
        null
      ],
      "/Users/aworldx/Projects/TaskManager/spec/models/user_spec.rb": [
        null,
        null,
        1,
        null,
        1,
        1,
        5,
        null,
        2,
        2,
        2,
        2,
        2,
        2,
        2,
        null,
        1,
        1,
        null,
        null,
        null,
        1,
        5,
        5,
        null,
        null,
        null,
        1,
        1,
        null,
        null,
        1,
        6,
        6,
        null,
        null,
        null,
        1,
        1,
        1,
        1,
        1,
        null,
        null,
        1,
        1,
        1,
        null,
        1,
        null,
        null,
        null
      ],
      "/Users/aworldx/Projects/TaskManager/app/models/user.rb": [
        null,
        null,
        1,
        1,
        null,
        1,
        null,
        1,
        1,
        null,
        null,
        1,
        1,
        null,
        69,
        null,
        1,
        null,
        1,
        29,
        null,
        null
      ],
      "/Users/aworldx/Projects/TaskManager/app/presenters/web/tasks/admin_tasks_presenter.rb": [
        null,
        null,
        1,
        1,
        7,
        null,
        7,
        7,
        null,
        null,
        1,
        9,
        null,
        null,
        1,
        6,
        null,
        null
      ],
      "/Users/aworldx/Projects/TaskManager/app/presenters/web/tasks/base_tasks_presenter.rb": [
        null,
        null,
        1,
        1,
        1,
        null,
        1,
        24,
        24,
        null,
        null,
        1,
        1,
        null,
        null,
        1,
        3,
        null,
        null,
        1,
        36,
        null,
        null,
        1,
        24,
        23,
        null,
        null,
        null,
        null,
        null,
        null,
        null,
        null,
        null,
        null
      ],
      "/Users/aworldx/Projects/TaskManager/app/presenters/web/tasks/user_tasks_presenter.rb": [
        null,
        null,
        1,
        1,
        15,
        null,
        15,
        15,
        null,
        null,
        1,
        15,
        null,
        null,
        1,
        12,
        null,
        null
      ],
      "/Users/aworldx/Projects/TaskManager/app/controllers/web/tasks/start_controller.rb": [
        null,
        null,
        1,
        1,
        1,
        null,
        null
      ],
      "/Users/aworldx/Projects/TaskManager/app/controllers/web/tasks/application_controller.rb": [
        null,
        null,
        1,
        1,
        null,
        1,
        null,
        1,
        2,
        null,
        null,
        1,
        null,
        2,
        null,
        null
      ],
      "/Users/aworldx/Projects/TaskManager/app/controllers/web/tasks/finish_controller.rb": [
        null,
        null,
        1,
        1,
        1,
        null,
        null
      ]
    },
    "timestamp": 1541361887
  }
}
